{"C:\\PRIVE\\Cours\\Mission dashboard\\mission-dashboard-back\\swagger.ts": {"path":"C:\\PRIVE\\Cours\\Mission dashboard\\mission-dashboard-back\\swagger.ts","statementMap":{"0":{"start":{"line":1,"column":0},"end":{"line":1,"column":41}},"1":{"start":{"line":2,"column":0},"end":{"line":2,"column":43}},"2":{"start":{"line":5,"column":38},"end":{"line":20,"column":2}},"3":{"start":{"line":22,"column":20},"end":{"line":22,"column":41}},"4":{"start":{"line":24,"column":28},"end":{"line":26,"column":1}},"5":{"start":{"line":25,"column":2},"end":{"line":25,"column":70}},"6":{"start":{"line":24,"column":13},"end":{"line":24,"column":28}}},"fnMap":{"0":{"name":"(anonymous_1)","decl":{"start":{"line":24,"column":28},"end":{"line":24,"column":29}},"loc":{"start":{"line":24,"column":45},"end":{"line":26,"column":1}}}},"branchMap":{},"s":{"0":6,"1":6,"2":6,"3":6,"4":6,"5":6,"6":6},"f":{"0":6},"b":{}}
,"C:\\PRIVE\\Cours\\Mission dashboard\\mission-dashboard-back\\src\\index.ts": {"path":"C:\\PRIVE\\Cours\\Mission dashboard\\mission-dashboard-back\\src\\index.ts","statementMap":{"0":{"start":{"line":1,"column":0},"end":{"line":1,"column":53}},"1":{"start":{"line":2,"column":0},"end":{"line":2,"column":37}},"2":{"start":{"line":4,"column":0},"end":{"line":4,"column":42}},"3":{"start":{"line":6,"column":12},"end":{"line":6,"column":21}},"4":{"start":{"line":7,"column":0},"end":{"line":7,"column":18}},"5":{"start":{"line":9,"column":13},"end":{"line":9,"column":63}},"6":{"start":{"line":11,"column":0},"end":{"line":11,"column":27}},"7":{"start":{"line":12,"column":0},"end":{"line":12,"column":51}},"8":{"start":{"line":14,"column":19},"end":{"line":14,"column":49}},"9":{"start":{"line":15,"column":22},"end":{"line":15,"column":55}},"10":{"start":{"line":16,"column":23},"end":{"line":16,"column":57}},"11":{"start":{"line":18,"column":0},"end":{"line":18,"column":33}},"12":{"start":{"line":19,"column":0},"end":{"line":19,"column":null}},"13":{"start":{"line":20,"column":0},"end":{"line":20,"column":null}},"14":{"start":{"line":22,"column":13},"end":{"line":22,"column":55}},"15":{"start":{"line":24,"column":0},"end":{"line":26,"column":3}},"16":{"start":{"line":25,"column":4},"end":{"line":25,"column":88}},"17":{"start":{"line":28,"column":0},"end":{"line":28,"column":null}}},"fnMap":{"0":{"name":"(anonymous_1)","decl":{"start":{"line":24,"column":17},"end":{"line":24,"column":20}},"loc":{"start":{"line":24,"column":22},"end":{"line":26,"column":1}}}},"branchMap":{"0":{"loc":{"start":{"line":9,"column":34},"end":{"line":9,"column":62}},"type":"binary-expr","locations":[{"start":{"line":9,"column":34},"end":{"line":9,"column":56}},{"start":{"line":9,"column":60},"end":{"line":9,"column":62}}]},"1":{"loc":{"start":{"line":22,"column":13},"end":{"line":22,"column":55}},"type":"cond-expr","locations":[{"start":{"line":22,"column":47},"end":{"line":22,"column":48}},{"start":{"line":22,"column":51},"end":{"line":22,"column":55}}]}},"s":{"0":6,"1":6,"2":6,"3":6,"4":6,"5":6,"6":6,"7":6,"8":6,"9":6,"10":6,"11":6,"12":6,"13":6,"14":6,"15":6,"16":6,"17":6},"f":{"0":6},"b":{"0":[6,6],"1":[6,0]}}
,"C:\\PRIVE\\Cours\\Mission dashboard\\mission-dashboard-back\\src\\Errors\\BadRequestError.ts": {"path":"C:\\PRIVE\\Cours\\Mission dashboard\\mission-dashboard-back\\src\\Errors\\BadRequestError.ts","statementMap":{"0":{"start":{"line":1,"column":0},"end":{"line":1,"column":47}},"1":{"start":{"line":6,"column":8},"end":{"line":6,"column":23}},"2":{"start":{"line":7,"column":8},"end":{"line":7,"column":42}},"3":{"start":{"line":8,"column":8},"end":{"line":8,"column":26}},"4":{"start":{"line":3,"column":0},"end":{"line":3,"column":13}}},"fnMap":{"0":{"name":"(anonymous_0)","decl":{"start":{"line":5,"column":4},"end":{"line":5,"column":16}},"loc":{"start":{"line":5,"column":31},"end":{"line":9,"column":5}}}},"branchMap":{},"s":{"0":6,"1":12,"2":12,"3":12,"4":6},"f":{"0":12},"b":{}}
,"C:\\PRIVE\\Cours\\Mission dashboard\\mission-dashboard-back\\src\\Errors\\ForbiddenError.ts": {"path":"C:\\PRIVE\\Cours\\Mission dashboard\\mission-dashboard-back\\src\\Errors\\ForbiddenError.ts","statementMap":{"0":{"start":{"line":1,"column":0},"end":{"line":1,"column":47}},"1":{"start":{"line":6,"column":8},"end":{"line":6,"column":23}},"2":{"start":{"line":7,"column":8},"end":{"line":7,"column":40}},"3":{"start":{"line":8,"column":8},"end":{"line":8,"column":26}},"4":{"start":{"line":3,"column":0},"end":{"line":3,"column":13}}},"fnMap":{"0":{"name":"(anonymous_0)","decl":{"start":{"line":5,"column":4},"end":{"line":5,"column":16}},"loc":{"start":{"line":5,"column":31},"end":{"line":9,"column":5}}}},"branchMap":{},"s":{"0":6,"1":0,"2":0,"3":0,"4":6},"f":{"0":0},"b":{}}
,"C:\\PRIVE\\Cours\\Mission dashboard\\mission-dashboard-back\\src\\Errors\\NotFoundError.ts": {"path":"C:\\PRIVE\\Cours\\Mission dashboard\\mission-dashboard-back\\src\\Errors\\NotFoundError.ts","statementMap":{"0":{"start":{"line":1,"column":0},"end":{"line":1,"column":47}},"1":{"start":{"line":6,"column":8},"end":{"line":6,"column":23}},"2":{"start":{"line":7,"column":8},"end":{"line":7,"column":40}},"3":{"start":{"line":8,"column":8},"end":{"line":8,"column":26}},"4":{"start":{"line":3,"column":0},"end":{"line":3,"column":13}}},"fnMap":{"0":{"name":"(anonymous_0)","decl":{"start":{"line":5,"column":4},"end":{"line":5,"column":16}},"loc":{"start":{"line":5,"column":31},"end":{"line":9,"column":5}}}},"branchMap":{},"s":{"0":6,"1":3,"2":3,"3":3,"4":6},"f":{"0":3},"b":{}}
,"C:\\PRIVE\\Cours\\Mission dashboard\\mission-dashboard-back\\src\\Errors\\UnauthorizedError.ts": {"path":"C:\\PRIVE\\Cours\\Mission dashboard\\mission-dashboard-back\\src\\Errors\\UnauthorizedError.ts","statementMap":{"0":{"start":{"line":1,"column":0},"end":{"line":1,"column":47}},"1":{"start":{"line":6,"column":8},"end":{"line":6,"column":23}},"2":{"start":{"line":7,"column":8},"end":{"line":7,"column":43}},"3":{"start":{"line":8,"column":8},"end":{"line":8,"column":26}},"4":{"start":{"line":3,"column":0},"end":{"line":3,"column":13}}},"fnMap":{"0":{"name":"(anonymous_0)","decl":{"start":{"line":5,"column":4},"end":{"line":5,"column":16}},"loc":{"start":{"line":5,"column":31},"end":{"line":9,"column":5}}}},"branchMap":{},"s":{"0":6,"1":0,"2":0,"3":0,"4":6},"f":{"0":0},"b":{}}
,"C:\\PRIVE\\Cours\\Mission dashboard\\mission-dashboard-back\\src\\Middleware\\authMiddleware.ts": {"path":"C:\\PRIVE\\Cours\\Mission dashboard\\mission-dashboard-back\\src\\Middleware\\authMiddleware.ts","statementMap":{"0":{"start":{"line":1,"column":0},"end":{"line":1,"column":31}},"1":{"start":{"line":3,"column":0},"end":{"line":3,"column":47}},"2":{"start":{"line":5,"column":19},"end":{"line":5,"column":60}},"3":{"start":{"line":11,"column":20},"end":{"line":30,"column":2}},"4":{"start":{"line":11,"column":78},"end":{"line":30,"column":2}},"5":{"start":{"line":12,"column":2},"end":{"line":29,"column":3}},"6":{"start":{"line":13,"column":18},"end":{"line":13,"column":69}},"7":{"start":{"line":15,"column":4},"end":{"line":17,"column":5}},"8":{"start":{"line":16,"column":6},"end":{"line":16,"column":47}},"9":{"start":{"line":19,"column":20},"end":{"line":19,"column":49}},"10":{"start":{"line":20,"column":5},"end":{"line":20,"column":43}},"11":{"start":{"line":22,"column":4},"end":{"line":22,"column":11}},"12":{"start":{"line":24,"column":4},"end":{"line":28,"column":5}},"13":{"start":{"line":25,"column":6},"end":{"line":25,"column":75}},"14":{"start":{"line":27,"column":6},"end":{"line":27,"column":58}},"15":{"start":{"line":11,"column":13},"end":{"line":11,"column":20}}},"fnMap":{"0":{"name":"(anonymous_8)","decl":{"start":{"line":11,"column":20},"end":{"line":11,"column":27}},"loc":{"start":{"line":11,"column":78},"end":{"line":30,"column":2}}},"1":{"name":"(anonymous_9)","decl":{"start":{"line":11,"column":78},"end":{"line":11,"column":null}},"loc":{"start":{"line":11,"column":78},"end":{"line":30,"column":1}}}},"branchMap":{"0":{"loc":{"start":{"line":5,"column":19},"end":{"line":5,"column":60}},"type":"binary-expr","locations":[{"start":{"line":5,"column":19},"end":{"line":5,"column":41}},{"start":{"line":5,"column":45},"end":{"line":5,"column":60}}]},"1":{"loc":{"start":{"line":13,"column":18},"end":{"line":13,"column":69}},"type":"cond-expr","locations":[{"start":{"line":13,"column":45},"end":{"line":13,"column":47}},{"start":{"line":13,"column":45},"end":{"line":13,"column":69}}]},"2":{"loc":{"start":{"line":13,"column":18},"end":{"line":13,"column":47}},"type":"binary-expr","locations":[{"start":{"line":13,"column":18},"end":{"line":13,"column":47}},{"start":{"line":13,"column":45},"end":{"line":13,"column":47}}]},"3":{"loc":{"start":{"line":15,"column":4},"end":{"line":17,"column":5}},"type":"if","locations":[{"start":{"line":15,"column":4},"end":{"line":17,"column":5}}]},"4":{"loc":{"start":{"line":24,"column":4},"end":{"line":28,"column":5}},"type":"if","locations":[{"start":{"line":24,"column":4},"end":{"line":28,"column":5}},{"start":{"line":26,"column":11},"end":{"line":28,"column":5}}]}},"s":{"0":6,"1":6,"2":6,"3":6,"4":19,"5":19,"6":19,"7":19,"8":3,"9":16,"10":16,"11":16,"12":3,"13":0,"14":3,"15":6},"f":{"0":19,"1":19},"b":{"0":[6,0],"1":[3,16],"2":[19,19],"3":[3],"4":[0,3]}}
,"C:\\PRIVE\\Cours\\Mission dashboard\\mission-dashboard-back\\src\\config\\sequelize.ts": {"path":"C:\\PRIVE\\Cours\\Mission dashboard\\mission-dashboard-back\\src\\config\\sequelize.ts","statementMap":{"0":{"start":{"line":1,"column":0},"end":{"line":1,"column":38}},"1":{"start":{"line":2,"column":0},"end":{"line":2,"column":33}},"2":{"start":{"line":5,"column":0},"end":{"line":7,"column":3}},"3":{"start":{"line":9,"column":18},"end":{"line":17,"column":2}},"4":{"start":{"line":19,"column":0},"end":{"line":19,"column":25}}},"fnMap":{},"branchMap":{"0":{"loc":{"start":{"line":6,"column":8},"end":{"line":6,"column":74}},"type":"cond-expr","locations":[{"start":{"line":6,"column":42},"end":{"line":6,"column":53}},{"start":{"line":6,"column":56},"end":{"line":6,"column":74}}]},"1":{"loc":{"start":{"line":15,"column":17},"end":{"line":15,"column":46}},"type":"binary-expr","locations":[{"start":{"line":15,"column":17},"end":{"line":15,"column":36}},{"start":{"line":15,"column":40},"end":{"line":15,"column":46}}]}},"s":{"0":6,"1":6,"2":6,"3":6,"4":6},"f":{},"b":{"0":[6,0],"1":[6,0]}}
,"C:\\PRIVE\\Cours\\Mission dashboard\\mission-dashboard-back\\src\\controllers\\AuthController.ts": {"path":"C:\\PRIVE\\Cours\\Mission dashboard\\mission-dashboard-back\\src\\controllers\\AuthController.ts","statementMap":{"0":{"start":{"line":2,"column":0},"end":{"line":2,"column":50}},"1":{"start":{"line":3,"column":0},"end":{"line":3,"column":47}},"2":{"start":{"line":4,"column":0},"end":{"line":4,"column":47}},"3":{"start":{"line":5,"column":0},"end":{"line":5,"column":59}},"4":{"start":{"line":6,"column":0},"end":{"line":6,"column":60}},"5":{"start":{"line":8,"column":24},"end":{"line":23,"column":2}},"6":{"start":{"line":8,"column":77},"end":{"line":23,"column":2}},"7":{"start":{"line":9,"column":2},"end":{"line":22,"column":1}},"8":{"start":{"line":10,"column":66},"end":{"line":10,"column":74}},"9":{"start":{"line":12,"column":4},"end":{"line":14,"column":5}},"10":{"start":{"line":13,"column":6},"end":{"line":13,"column":67}},"11":{"start":{"line":16,"column":4},"end":{"line":16,"column":25}},"12":{"start":{"line":18,"column":18},"end":{"line":18,"column":95}},"13":{"start":{"line":19,"column":4},"end":{"line":19,"column":36}},"14":{"start":{"line":21,"column":4},"end":{"line":21,"column":32}},"15":{"start":{"line":8,"column":13},"end":{"line":8,"column":24}},"16":{"start":{"line":25,"column":21},"end":{"line":40,"column":null}},"17":{"start":{"line":25,"column":74},"end":{"line":40,"column":null}},"18":{"start":{"line":26,"column":2},"end":{"line":39,"column":1}},"19":{"start":{"line":27,"column":32},"end":{"line":27,"column":40}},"20":{"start":{"line":29,"column":4},"end":{"line":31,"column":5}},"21":{"start":{"line":30,"column":6},"end":{"line":30,"column":67}},"22":{"start":{"line":33,"column":4},"end":{"line":33,"column":null}},"23":{"start":{"line":35,"column":18},"end":{"line":35,"column":58}},"24":{"start":{"line":36,"column":4},"end":{"line":36,"column":36}},"25":{"start":{"line":38,"column":4},"end":{"line":38,"column":32}},"26":{"start":{"line":25,"column":13},"end":{"line":25,"column":21}}},"fnMap":{"0":{"name":"(anonymous_8)","decl":{"start":{"line":8,"column":24},"end":{"line":8,"column":31}},"loc":{"start":{"line":8,"column":77},"end":{"line":23,"column":2}}},"1":{"name":"(anonymous_9)","decl":{"start":{"line":8,"column":77},"end":{"line":8,"column":null}},"loc":{"start":{"line":8,"column":77},"end":{"line":23,"column":1}}},"2":{"name":"(anonymous_10)","decl":{"start":{"line":25,"column":21},"end":{"line":25,"column":28}},"loc":{"start":{"line":25,"column":74},"end":{"line":40,"column":null}}},"3":{"name":"(anonymous_11)","decl":{"start":{"line":25,"column":74},"end":{"line":25,"column":null}},"loc":{"start":{"line":25,"column":74},"end":{"line":40,"column":1}}}},"branchMap":{"0":{"loc":{"start":{"line":12,"column":4},"end":{"line":14,"column":5}},"type":"if","locations":[{"start":{"line":12,"column":4},"end":{"line":14,"column":5}}]},"1":{"loc":{"start":{"line":12,"column":8},"end":{"line":12,"column":70}},"type":"binary-expr","locations":[{"start":{"line":12,"column":8},"end":{"line":12,"column":18}},{"start":{"line":12,"column":22},"end":{"line":12,"column":31}},{"start":{"line":12,"column":35},"end":{"line":12,"column":41}},{"start":{"line":12,"column":45},"end":{"line":12,"column":54}},{"start":{"line":12,"column":58},"end":{"line":12,"column":70}}]},"2":{"loc":{"start":{"line":29,"column":4},"end":{"line":31,"column":5}},"type":"if","locations":[{"start":{"line":29,"column":4},"end":{"line":31,"column":5}}]},"3":{"loc":{"start":{"line":29,"column":9},"end":{"line":29,"column":28}},"type":"binary-expr","locations":[{"start":{"line":29,"column":9},"end":{"line":29,"column":15}},{"start":{"line":29,"column":19},"end":{"line":29,"column":28}}]}},"s":{"0":6,"1":6,"2":6,"3":6,"4":6,"5":6,"6":10,"7":10,"8":10,"9":10,"10":1,"11":9,"12":8,"13":7,"14":3,"15":6,"16":6,"17":5,"18":5,"19":5,"20":5,"21":2,"22":3,"23":3,"24":1,"25":4,"26":6},"f":{"0":10,"1":10,"2":5,"3":5},"b":{"0":[1],"1":[10,10,10,10,9],"2":[2],"3":[5,4]}}
,"C:\\PRIVE\\Cours\\Mission dashboard\\mission-dashboard-back\\src\\controllers\\EmployeController.ts": {"path":"C:\\PRIVE\\Cours\\Mission dashboard\\mission-dashboard-back\\src\\controllers\\EmployeController.ts","statementMap":{"0":{"start":{"line":2,"column":0},"end":{"line":2,"column":66}},"1":{"start":{"line":3,"column":0},"end":{"line":3,"column":47}},"2":{"start":{"line":4,"column":0},"end":{"line":4,"column":59}},"3":{"start":{"line":5,"column":0},"end":{"line":5,"column":60}},"4":{"start":{"line":6,"column":0},"end":{"line":6,"column":49}},"5":{"start":{"line":7,"column":0},"end":{"line":7,"column":56}},"6":{"start":{"line":9,"column":31},"end":{"line":17,"column":2}},"7":{"start":{"line":9,"column":84},"end":{"line":17,"column":2}},"8":{"start":{"line":10,"column":4},"end":{"line":16,"column":5}},"9":{"start":{"line":11,"column":26},"end":{"line":11,"column":58}},"10":{"start":{"line":12,"column":8},"end":{"line":12,"column":40}},"11":{"start":{"line":13,"column":8},"end":{"line":13,"column":15}},"12":{"start":{"line":15,"column":8},"end":{"line":15,"column":36}},"13":{"start":{"line":9,"column":13},"end":{"line":9,"column":31}},"14":{"start":{"line":19,"column":31},"end":{"line":39,"column":2}},"15":{"start":{"line":19,"column":84},"end":{"line":39,"column":2}},"16":{"start":{"line":20,"column":4},"end":{"line":38,"column":5}},"17":{"start":{"line":21,"column":23},"end":{"line":21,"column":33}},"18":{"start":{"line":23,"column":26},"end":{"line":23,"column":36}},"19":{"start":{"line":24,"column":8},"end":{"line":26,"column":9}},"20":{"start":{"line":25,"column":12},"end":{"line":25,"column":null}},"21":{"start":{"line":28,"column":25},"end":{"line":28,"column":67}},"22":{"start":{"line":30,"column":8},"end":{"line":32,"column":9}},"23":{"start":{"line":31,"column":12},"end":{"line":31,"column":65}},"24":{"start":{"line":34,"column":8},"end":{"line":34,"column":39}},"25":{"start":{"line":35,"column":8},"end":{"line":35,"column":15}},"26":{"start":{"line":37,"column":8},"end":{"line":37,"column":36}},"27":{"start":{"line":19,"column":13},"end":{"line":19,"column":31}},"28":{"start":{"line":41,"column":30},"end":{"line":71,"column":2}},"29":{"start":{"line":41,"column":83},"end":{"line":71,"column":2}},"30":{"start":{"line":42,"column":4},"end":{"line":70,"column":5}},"31":{"start":{"line":43,"column":23},"end":{"line":43,"column":33}},"32":{"start":{"line":44,"column":27},"end":{"line":44,"column":35}},"33":{"start":{"line":46,"column":26},"end":{"line":46,"column":36}},"34":{"start":{"line":47,"column":8},"end":{"line":49,"column":9}},"35":{"start":{"line":48,"column":12},"end":{"line":48,"column":67}},"36":{"start":{"line":51,"column":8},"end":{"line":53,"column":9}},"37":{"start":{"line":52,"column":12},"end":{"line":52,"column":62}},"38":{"start":{"line":55,"column":8},"end":{"line":57,"column":9}},"39":{"start":{"line":56,"column":12},"end":{"line":56,"column":62}},"40":{"start":{"line":59,"column":32},"end":{"line":59,"column":85}},"41":{"start":{"line":61,"column":8},"end":{"line":64,"column":9}},"42":{"start":{"line":62,"column":12},"end":{"line":62,"column":73}},"43":{"start":{"line":63,"column":12},"end":{"line":63,"column":19}},"44":{"start":{"line":66,"column":8},"end":{"line":66,"column":46}},"45":{"start":{"line":67,"column":8},"end":{"line":67,"column":15}},"46":{"start":{"line":69,"column":8},"end":{"line":69,"column":36}},"47":{"start":{"line":41,"column":13},"end":{"line":41,"column":30}}},"fnMap":{"0":{"name":"(anonymous_8)","decl":{"start":{"line":9,"column":31},"end":{"line":9,"column":38}},"loc":{"start":{"line":9,"column":84},"end":{"line":17,"column":2}}},"1":{"name":"(anonymous_9)","decl":{"start":{"line":9,"column":84},"end":{"line":9,"column":null}},"loc":{"start":{"line":9,"column":84},"end":{"line":17,"column":1}}},"2":{"name":"(anonymous_10)","decl":{"start":{"line":19,"column":31},"end":{"line":19,"column":38}},"loc":{"start":{"line":19,"column":84},"end":{"line":39,"column":2}}},"3":{"name":"(anonymous_11)","decl":{"start":{"line":19,"column":84},"end":{"line":19,"column":null}},"loc":{"start":{"line":19,"column":84},"end":{"line":39,"column":1}}},"4":{"name":"(anonymous_12)","decl":{"start":{"line":41,"column":30},"end":{"line":41,"column":37}},"loc":{"start":{"line":41,"column":83},"end":{"line":71,"column":2}}},"5":{"name":"(anonymous_13)","decl":{"start":{"line":41,"column":83},"end":{"line":41,"column":null}},"loc":{"start":{"line":41,"column":83},"end":{"line":71,"column":1}}}},"branchMap":{"0":{"loc":{"start":{"line":24,"column":8},"end":{"line":26,"column":9}},"type":"if","locations":[{"start":{"line":24,"column":8},"end":{"line":26,"column":9}}]},"1":{"loc":{"start":{"line":30,"column":8},"end":{"line":32,"column":9}},"type":"if","locations":[{"start":{"line":30,"column":8},"end":{"line":32,"column":9}}]},"2":{"loc":{"start":{"line":47,"column":8},"end":{"line":49,"column":9}},"type":"if","locations":[{"start":{"line":47,"column":8},"end":{"line":49,"column":9}}]},"3":{"loc":{"start":{"line":51,"column":8},"end":{"line":53,"column":9}},"type":"if","locations":[{"start":{"line":51,"column":8},"end":{"line":53,"column":9}}]},"4":{"loc":{"start":{"line":51,"column":12},"end":{"line":51,"column":63}},"type":"binary-expr","locations":[{"start":{"line":51,"column":12},"end":{"line":51,"column":23}},{"start":{"line":51,"column":27},"end":{"line":51,"column":63}}]},"5":{"loc":{"start":{"line":55,"column":8},"end":{"line":57,"column":9}},"type":"if","locations":[{"start":{"line":55,"column":8},"end":{"line":57,"column":9}}]},"6":{"loc":{"start":{"line":55,"column":12},"end":{"line":55,"column":63}},"type":"binary-expr","locations":[{"start":{"line":55,"column":12},"end":{"line":55,"column":28}},{"start":{"line":55,"column":32},"end":{"line":55,"column":63}}]},"7":{"loc":{"start":{"line":61,"column":8},"end":{"line":64,"column":9}},"type":"if","locations":[{"start":{"line":61,"column":8},"end":{"line":64,"column":9}}]}},"s":{"0":6,"1":6,"2":6,"3":6,"4":6,"5":6,"6":6,"7":2,"8":2,"9":2,"10":2,"11":2,"12":0,"13":6,"14":6,"15":3,"16":3,"17":3,"18":3,"19":3,"20":1,"21":2,"22":2,"23":1,"24":1,"25":1,"26":2,"27":6,"28":6,"29":4,"30":4,"31":4,"32":4,"33":4,"34":4,"35":0,"36":4,"37":1,"38":3,"39":1,"40":2,"41":1,"42":0,"43":0,"44":1,"45":1,"46":3,"47":6},"f":{"0":2,"1":2,"2":3,"3":3,"4":4,"5":4},"b":{"0":[1],"1":[1],"2":[0],"3":[1],"4":[4,4],"5":[1],"6":[3,1],"7":[0]}}
,"C:\\PRIVE\\Cours\\Mission dashboard\\mission-dashboard-back\\src\\controllers\\MissionController.ts": {"path":"C:\\PRIVE\\Cours\\Mission dashboard\\mission-dashboard-back\\src\\controllers\\MissionController.ts","statementMap":{"0":{"start":{"line":2,"column":0},"end":{"line":2,"column":50}},"1":{"start":{"line":3,"column":0},"end":{"line":3,"column":50}},"2":{"start":{"line":4,"column":0},"end":{"line":4,"column":47}},"3":{"start":{"line":5,"column":0},"end":{"line":5,"column":50}},"4":{"start":{"line":6,"column":0},"end":{"line":6,"column":76}},"5":{"start":{"line":7,"column":0},"end":{"line":7,"column":50}},"6":{"start":{"line":8,"column":0},"end":{"line":8,"column":58}},"7":{"start":{"line":9,"column":0},"end":{"line":9,"column":56}},"8":{"start":{"line":10,"column":0},"end":{"line":10,"column":66}},"9":{"start":{"line":11,"column":0},"end":{"line":11,"column":59}},"10":{"start":{"line":12,"column":0},"end":{"line":12,"column":60}},"11":{"start":{"line":13,"column":0},"end":{"line":13,"column":56}},"12":{"start":{"line":15,"column":29},"end":{"line":79,"column":2}},"13":{"start":{"line":15,"column":82},"end":{"line":79,"column":2}},"14":{"start":{"line":16,"column":4},"end":{"line":78,"column":5}},"15":{"start":{"line":17,"column":107},"end":{"line":17,"column":115}},"16":{"start":{"line":18,"column":45},"end":{"line":18,"column":47}},"17":{"start":{"line":19,"column":44},"end":{"line":19,"column":46}},"18":{"start":{"line":22,"column":8},"end":{"line":24,"column":9}},"19":{"start":{"line":23,"column":12},"end":{"line":23,"column":null}},"20":{"start":{"line":27,"column":28},"end":{"line":27,"column":74}},"21":{"start":{"line":28,"column":8},"end":{"line":30,"column":9}},"22":{"start":{"line":29,"column":12},"end":{"line":29,"column":null}},"23":{"start":{"line":33,"column":27},"end":{"line":40,"column":10}},"24":{"start":{"line":43,"column":8},"end":{"line":53,"column":9}},"25":{"start":{"line":44,"column":34},"end":{"line":44,"column":78}},"26":{"start":{"line":45,"column":12},"end":{"line":52,"column":13}},"27":{"start":{"line":46,"column":16},"end":{"line":49,"column":19}},"28":{"start":{"line":51,"column":16},"end":{"line":51,"column":null}},"29":{"start":{"line":56,"column":8},"end":{"line":67,"column":9}},"30":{"start":{"line":57,"column":53},"end":{"line":57,"column":139}},"31":{"start":{"line":58,"column":12},"end":{"line":58,"column":48}},"32":{"start":{"line":59,"column":12},"end":{"line":59,"column":49}},"33":{"start":{"line":60,"column":35},"end":{"line":65,"column":15}},"34":{"start":{"line":60,"column":66},"end":{"line":65,"column":14}},"35":{"start":{"line":66,"column":12},"end":{"line":66,"column":58}},"36":{"start":{"line":70,"column":8},"end":{"line":75,"column":11}},"37":{"start":{"line":77,"column":8},"end":{"line":77,"column":36}},"38":{"start":{"line":15,"column":13},"end":{"line":15,"column":29}}},"fnMap":{"0":{"name":"(anonymous_8)","decl":{"start":{"line":15,"column":29},"end":{"line":15,"column":36}},"loc":{"start":{"line":15,"column":82},"end":{"line":79,"column":2}}},"1":{"name":"(anonymous_9)","decl":{"start":{"line":15,"column":82},"end":{"line":15,"column":null}},"loc":{"start":{"line":15,"column":82},"end":{"line":79,"column":1}}},"2":{"name":"(anonymous_10)","decl":{"start":{"line":60,"column":53},"end":{"line":60,"column":61}},"loc":{"start":{"line":60,"column":66},"end":{"line":65,"column":14}}}},"branchMap":{"0":{"loc":{"start":{"line":22,"column":8},"end":{"line":24,"column":9}},"type":"if","locations":[{"start":{"line":22,"column":8},"end":{"line":24,"column":9}}]},"1":{"loc":{"start":{"line":22,"column":12},"end":{"line":22,"column":68}},"type":"binary-expr","locations":[{"start":{"line":22,"column":12},"end":{"line":22,"column":24}},{"start":{"line":22,"column":28},"end":{"line":22,"column":38}},{"start":{"line":22,"column":42},"end":{"line":22,"column":50}},{"start":{"line":22,"column":54},"end":{"line":22,"column":68}}]},"2":{"loc":{"start":{"line":28,"column":8},"end":{"line":30,"column":9}},"type":"if","locations":[{"start":{"line":28,"column":8},"end":{"line":30,"column":9}}]},"3":{"loc":{"start":{"line":43,"column":8},"end":{"line":53,"column":9}},"type":"if","locations":[{"start":{"line":43,"column":8},"end":{"line":53,"column":9}}]},"4":{"loc":{"start":{"line":45,"column":12},"end":{"line":52,"column":13}},"type":"if","locations":[{"start":{"line":45,"column":12},"end":{"line":52,"column":13}},{"start":{"line":50,"column":19},"end":{"line":52,"column":13}}]},"5":{"loc":{"start":{"line":56,"column":8},"end":{"line":67,"column":9}},"type":"if","locations":[{"start":{"line":56,"column":8},"end":{"line":67,"column":9}}]},"6":{"loc":{"start":{"line":56,"column":12},"end":{"line":56,"column":73}},"type":"binary-expr","locations":[{"start":{"line":56,"column":12},"end":{"line":56,"column":21}},{"start":{"line":56,"column":25},"end":{"line":56,"column":49}},{"start":{"line":56,"column":53},"end":{"line":56,"column":73}}]}},"s":{"0":6,"1":6,"2":6,"3":6,"4":6,"5":6,"6":6,"7":6,"8":6,"9":6,"10":6,"11":6,"12":6,"13":7,"14":7,"15":7,"16":7,"17":7,"18":7,"19":1,"20":6,"21":6,"22":1,"23":5,"24":5,"25":2,"26":2,"27":1,"28":1,"29":4,"30":2,"31":2,"32":2,"33":2,"34":1,"35":2,"36":4,"37":3,"38":6},"f":{"0":7,"1":7,"2":1},"b":{"0":[1],"1":[7,6,6,6],"2":[1],"3":[2],"4":[1,1],"5":[2],"6":[4,2,2]}}
,"C:\\PRIVE\\Cours\\Mission dashboard\\mission-dashboard-back\\src\\controllers\\enums\\MissionEnum.ts": {"path":"C:\\PRIVE\\Cours\\Mission dashboard\\mission-dashboard-back\\src\\controllers\\enums\\MissionEnum.ts","statementMap":{"0":{"start":{"line":1,"column":0},"end":{"line":1,"column":null}},"1":{"start":{"line":2,"column":0},"end":{"line":2,"column":null}},"2":{"start":{"line":3,"column":0},"end":{"line":3,"column":null}},"3":{"start":{"line":4,"column":0},"end":{"line":4,"column":null}},"4":{"start":{"line":5,"column":0},"end":{"line":5,"column":null}}},"fnMap":{"0":{"name":"(anonymous_0)","decl":{"start":{"line":1,"column":0},"end":{"line":1,"column":12}},"loc":{"start":{"line":1,"column":23},"end":{"line":6,"column":1}}}},"branchMap":{"0":{"loc":{"start":{"line":1,"column":12},"end":{"line":1,"column":null}},"type":"binary-expr","locations":[{"start":{"line":1,"column":12},"end":{"line":1,"column":23}},{"start":{"line":1,"column":23},"end":{"line":1,"column":null}}]}},"s":{"0":6,"1":6,"2":6,"3":6,"4":6},"f":{"0":6},"b":{"0":[6,6]}}
,"C:\\PRIVE\\Cours\\Mission dashboard\\mission-dashboard-back\\src\\enums\\errorEnum.ts": {"path":"C:\\PRIVE\\Cours\\Mission dashboard\\mission-dashboard-back\\src\\enums\\errorEnum.ts","statementMap":{"0":{"start":{"line":1,"column":0},"end":{"line":1,"column":null}},"1":{"start":{"line":2,"column":4},"end":{"line":2,"column":null}},"2":{"start":{"line":3,"column":4},"end":{"line":3,"column":null}},"3":{"start":{"line":4,"column":4},"end":{"line":4,"column":null}},"4":{"start":{"line":5,"column":4},"end":{"line":5,"column":null}},"5":{"start":{"line":6,"column":4},"end":{"line":6,"column":null}},"6":{"start":{"line":7,"column":4},"end":{"line":7,"column":null}},"7":{"start":{"line":8,"column":4},"end":{"line":8,"column":null}},"8":{"start":{"line":9,"column":4},"end":{"line":9,"column":null}},"9":{"start":{"line":10,"column":4},"end":{"line":10,"column":null}},"10":{"start":{"line":11,"column":4},"end":{"line":11,"column":null}},"11":{"start":{"line":12,"column":4},"end":{"line":12,"column":null}},"12":{"start":{"line":13,"column":4},"end":{"line":13,"column":null}},"13":{"start":{"line":14,"column":4},"end":{"line":14,"column":null}},"14":{"start":{"line":15,"column":4},"end":{"line":15,"column":null}},"15":{"start":{"line":16,"column":4},"end":{"line":16,"column":null}},"16":{"start":{"line":17,"column":4},"end":{"line":17,"column":null}},"17":{"start":{"line":18,"column":4},"end":{"line":18,"column":null}},"18":{"start":{"line":19,"column":4},"end":{"line":19,"column":null}}},"fnMap":{"0":{"name":"(anonymous_0)","decl":{"start":{"line":1,"column":0},"end":{"line":1,"column":12}},"loc":{"start":{"line":1,"column":21},"end":{"line":20,"column":3}}}},"branchMap":{"0":{"loc":{"start":{"line":1,"column":12},"end":{"line":1,"column":null}},"type":"binary-expr","locations":[{"start":{"line":1,"column":12},"end":{"line":1,"column":21}},{"start":{"line":1,"column":21},"end":{"line":1,"column":null}}]}},"s":{"0":6,"1":6,"2":6,"3":6,"4":6,"5":6,"6":6,"7":6,"8":6,"9":6,"10":6,"11":6,"12":6,"13":6,"14":6,"15":6,"16":6,"17":6,"18":6},"f":{"0":6},"b":{"0":[6,6]}}
,"C:\\PRIVE\\Cours\\Mission dashboard\\mission-dashboard-back\\src\\models\\AccountMissionAssignModel.ts": {"path":"C:\\PRIVE\\Cours\\Mission dashboard\\mission-dashboard-back\\src\\models\\AccountMissionAssignModel.ts","statementMap":{"0":{"start":{"line":1,"column":0},"end":{"line":1,"column":45}},"1":{"start":{"line":2,"column":0},"end":{"line":2,"column":44}},"2":{"start":{"line":3,"column":0},"end":{"line":3,"column":42}},"3":{"start":{"line":4,"column":0},"end":{"line":4,"column":42}},"4":{"start":{"line":11,"column":0},"end":{"line":29,"column":2}},"5":{"start":{"line":31,"column":0},"end":{"line":37,"column":3}},"6":{"start":{"line":39,"column":0},"end":{"line":45,"column":3}},"7":{"start":{"line":47,"column":0},"end":{"line":47,"column":41}}},"fnMap":{},"branchMap":{},"s":{"0":6,"1":6,"2":6,"3":6,"4":6,"5":6,"6":6,"7":6},"f":{},"b":{}}
,"C:\\PRIVE\\Cours\\Mission dashboard\\mission-dashboard-back\\src\\models\\AccountModel.ts": {"path":"C:\\PRIVE\\Cours\\Mission dashboard\\mission-dashboard-back\\src\\models\\AccountModel.ts","statementMap":{"0":{"start":{"line":1,"column":0},"end":{"line":1,"column":56}},"1":{"start":{"line":2,"column":0},"end":{"line":2,"column":44}},"2":{"start":{"line":17,"column":0},"end":{"line":70,"column":2}},"3":{"start":{"line":72,"column":0},"end":{"line":72,"column":28}}},"fnMap":{},"branchMap":{},"s":{"0":6,"1":6,"2":6,"3":6},"f":{},"b":{}}
,"C:\\PRIVE\\Cours\\Mission dashboard\\mission-dashboard-back\\src\\models\\MessageModel.ts": {"path":"C:\\PRIVE\\Cours\\Mission dashboard\\mission-dashboard-back\\src\\models\\MessageModel.ts","statementMap":{"0":{"start":{"line":1,"column":0},"end":{"line":1,"column":45}},"1":{"start":{"line":2,"column":0},"end":{"line":2,"column":44}},"2":{"start":{"line":3,"column":0},"end":{"line":3,"column":42}},"3":{"start":{"line":4,"column":0},"end":{"line":4,"column":42}},"4":{"start":{"line":13,"column":0},"end":{"line":46,"column":2}},"5":{"start":{"line":48,"column":0},"end":{"line":48,"column":28}}},"fnMap":{},"branchMap":{},"s":{"0":6,"1":6,"2":6,"3":6,"4":6,"5":6},"f":{},"b":{}}
,"C:\\PRIVE\\Cours\\Mission dashboard\\mission-dashboard-back\\src\\models\\MissionModel.ts": {"path":"C:\\PRIVE\\Cours\\Mission dashboard\\mission-dashboard-back\\src\\models\\MissionModel.ts","statementMap":{"0":{"start":{"line":1,"column":0},"end":{"line":1,"column":45}},"1":{"start":{"line":2,"column":0},"end":{"line":2,"column":44}},"2":{"start":{"line":3,"column":0},"end":{"line":3,"column":50}},"3":{"start":{"line":15,"column":0},"end":{"line":56,"column":2}},"4":{"start":{"line":58,"column":0},"end":{"line":58,"column":28}}},"fnMap":{},"branchMap":{},"s":{"0":6,"1":6,"2":6,"3":6,"4":6},"f":{},"b":{}}
,"C:\\PRIVE\\Cours\\Mission dashboard\\mission-dashboard-back\\src\\models\\MissionTypeModel.ts": {"path":"C:\\PRIVE\\Cours\\Mission dashboard\\mission-dashboard-back\\src\\models\\MissionTypeModel.ts","statementMap":{"0":{"start":{"line":1,"column":0},"end":{"line":1,"column":45}},"1":{"start":{"line":2,"column":0},"end":{"line":2,"column":44}},"2":{"start":{"line":10,"column":0},"end":{"line":31,"column":2}},"3":{"start":{"line":33,"column":0},"end":{"line":33,"column":32}}},"fnMap":{},"branchMap":{},"s":{"0":6,"1":6,"2":6,"3":6},"f":{},"b":{}}
,"C:\\PRIVE\\Cours\\Mission dashboard\\mission-dashboard-back\\src\\models\\PictureModel.ts": {"path":"C:\\PRIVE\\Cours\\Mission dashboard\\mission-dashboard-back\\src\\models\\PictureModel.ts","statementMap":{"0":{"start":{"line":1,"column":0},"end":{"line":1,"column":45}},"1":{"start":{"line":2,"column":0},"end":{"line":2,"column":44}},"2":{"start":{"line":3,"column":0},"end":{"line":3,"column":42}},"3":{"start":{"line":4,"column":0},"end":{"line":4,"column":42}},"4":{"start":{"line":15,"column":0},"end":{"line":56,"column":2}},"5":{"start":{"line":58,"column":0},"end":{"line":58,"column":28}}},"fnMap":{},"branchMap":{},"s":{"0":6,"1":6,"2":6,"3":6,"4":6,"5":6},"f":{},"b":{}}
,"C:\\PRIVE\\Cours\\Mission dashboard\\mission-dashboard-back\\src\\repositories\\EmployeRepository.ts": {"path":"C:\\PRIVE\\Cours\\Mission dashboard\\mission-dashboard-back\\src\\repositories\\EmployeRepository.ts","statementMap":{"0":{"start":{"line":1,"column":0},"end":{"line":1,"column":50}},"1":{"start":{"line":2,"column":0},"end":{"line":2,"column":45}},"2":{"start":{"line":3,"column":0},"end":{"line":3,"column":56}},"3":{"start":{"line":7,"column":8},"end":{"line":7,"column":44}},"4":{"start":{"line":11,"column":8},"end":{"line":11,"column":47}},"5":{"start":{"line":15,"column":25},"end":{"line":15,"column":56}},"6":{"start":{"line":16,"column":8},"end":{"line":18,"column":9}},"7":{"start":{"line":17,"column":12},"end":{"line":17,"column":65}},"8":{"start":{"line":19,"column":8},"end":{"line":19,"column":42}},"9":{"start":{"line":21,"column":8},"end":{"line":21,"column":24}},"10":{"start":{"line":25,"column":0},"end":{"line":25,"column":33}}},"fnMap":{"0":{"name":"(anonymous_8)","decl":{"start":{"line":6,"column":4},"end":{"line":6,"column":10}},"loc":{"start":{"line":6,"column":23},"end":{"line":8,"column":null}}},"1":{"name":"(anonymous_10)","decl":{"start":{"line":10,"column":4},"end":{"line":10,"column":10}},"loc":{"start":{"line":10,"column":35},"end":{"line":12,"column":null}}},"2":{"name":"(anonymous_12)","decl":{"start":{"line":14,"column":4},"end":{"line":14,"column":10}},"loc":{"start":{"line":14,"column":54},"end":{"line":22,"column":null}}}},"branchMap":{"0":{"loc":{"start":{"line":16,"column":8},"end":{"line":18,"column":9}},"type":"if","locations":[{"start":{"line":16,"column":8},"end":{"line":18,"column":9}}]}},"s":{"0":6,"1":6,"2":6,"3":2,"4":2,"5":2,"6":2,"7":1,"8":1,"9":1,"10":6},"f":{"0":2,"1":2,"2":2},"b":{"0":[1]}}
,"C:\\PRIVE\\Cours\\Mission dashboard\\mission-dashboard-back\\src\\routes\\authRoutes.ts": {"path":"C:\\PRIVE\\Cours\\Mission dashboard\\mission-dashboard-back\\src\\routes\\authRoutes.ts","statementMap":{"0":{"start":{"line":1,"column":0},"end":{"line":1,"column":33}},"1":{"start":{"line":2,"column":0},"end":{"line":2,"column":64}},"2":{"start":{"line":4,"column":15},"end":{"line":4,"column":23}},"3":{"start":{"line":71,"column":0},"end":{"line":71,"column":35}},"4":{"start":{"line":126,"column":0},"end":{"line":126,"column":29}},"5":{"start":{"line":128,"column":0},"end":{"line":128,"column":24}}},"fnMap":{},"branchMap":{},"s":{"0":6,"1":6,"2":6,"3":6,"4":6,"5":6},"f":{},"b":{}}
,"C:\\PRIVE\\Cours\\Mission dashboard\\mission-dashboard-back\\src\\routes\\employeeRoutes.ts": {"path":"C:\\PRIVE\\Cours\\Mission dashboard\\mission-dashboard-back\\src\\routes\\employeeRoutes.ts","statementMap":{"0":{"start":{"line":1,"column":0},"end":{"line":1,"column":33}},"1":{"start":{"line":2,"column":0},"end":{"line":2,"column":52}},"2":{"start":{"line":3,"column":0},"end":{"line":3,"column":100}},"3":{"start":{"line":5,"column":15},"end":{"line":5,"column":23}},"4":{"start":{"line":29,"column":0},"end":{"line":29,"column":39}},"5":{"start":{"line":60,"column":0},"end":{"line":60,"column":43}},"6":{"start":{"line":97,"column":0},"end":{"line":97,"column":43}},"7":{"start":{"line":99,"column":0},"end":{"line":99,"column":24}}},"fnMap":{},"branchMap":{},"s":{"0":6,"1":6,"2":6,"3":6,"4":6,"5":6,"6":6,"7":6},"f":{},"b":{}}
,"C:\\PRIVE\\Cours\\Mission dashboard\\mission-dashboard-back\\src\\routes\\missionRoutes.ts": {"path":"C:\\PRIVE\\Cours\\Mission dashboard\\mission-dashboard-back\\src\\routes\\missionRoutes.ts","statementMap":{"0":{"start":{"line":1,"column":0},"end":{"line":1,"column":33}},"1":{"start":{"line":2,"column":0},"end":{"line":2,"column":52}},"2":{"start":{"line":3,"column":0},"end":{"line":3,"column":47}},"3":{"start":{"line":4,"column":0},"end":{"line":4,"column":65}},"4":{"start":{"line":6,"column":15},"end":{"line":6,"column":23}},"5":{"start":{"line":65,"column":0},"end":{"line":65,"column":46}},"6":{"start":{"line":67,"column":0},"end":{"line":67,"column":24}}},"fnMap":{},"branchMap":{},"s":{"0":6,"1":6,"2":6,"3":6,"4":6,"5":6,"6":6},"f":{},"b":{}}
,"C:\\PRIVE\\Cours\\Mission dashboard\\mission-dashboard-back\\src\\services\\AuthService.ts": {"path":"C:\\PRIVE\\Cours\\Mission dashboard\\mission-dashboard-back\\src\\services\\AuthService.ts","statementMap":{"0":{"start":{"line":1,"column":0},"end":{"line":1,"column":28}},"1":{"start":{"line":2,"column":0},"end":{"line":2,"column":47}},"2":{"start":{"line":3,"column":0},"end":{"line":3,"column":50}},"3":{"start":{"line":4,"column":0},"end":{"line":4,"column":47}},"4":{"start":{"line":5,"column":0},"end":{"line":5,"column":60}},"5":{"start":{"line":7,"column":19},"end":{"line":7,"column":60}},"6":{"start":{"line":8,"column":23},"end":{"line":8,"column":27}},"7":{"start":{"line":12,"column":25},"end":{"line":12,"column":73}},"8":{"start":{"line":14,"column":4},"end":{"line":16,"column":5}},"9":{"start":{"line":15,"column":6},"end":{"line":15,"column":62}},"10":{"start":{"line":18,"column":27},"end":{"line":18,"column":58}},"11":{"start":{"line":20,"column":23},"end":{"line":27,"column":6}},"12":{"start":{"line":29,"column":4},"end":{"line":29,"column":47}},"13":{"start":{"line":33,"column":20},"end":{"line":33,"column":68}},"14":{"start":{"line":34,"column":4},"end":{"line":36,"column":5}},"15":{"start":{"line":35,"column":6},"end":{"line":35,"column":61}},"16":{"start":{"line":38,"column":20},"end":{"line":38,"column":68}},"17":{"start":{"line":39,"column":4},"end":{"line":41,"column":5}},"18":{"start":{"line":40,"column":8},"end":{"line":40,"column":62}},"19":{"start":{"line":43,"column":4},"end":{"line":43,"column":44}},"20":{"start":{"line":47,"column":4},"end":{"line":49,"column":7}},"21":{"start":{"line":53,"column":4},"end":{"line":57,"column":5}},"22":{"start":{"line":54,"column":6},"end":{"line":54,"column":43}},"23":{"start":{"line":56,"column":6},"end":{"line":56,"column":57}},"24":{"start":{"line":61,"column":0},"end":{"line":61,"column":27}}},"fnMap":{"0":{"name":"(anonymous_8)","decl":{"start":{"line":11,"column":9},"end":{"line":11,"column":15}},"loc":{"start":{"line":11,"column":120},"end":{"line":30,"column":null}}},"1":{"name":"(anonymous_10)","decl":{"start":{"line":32,"column":9},"end":{"line":32,"column":15}},"loc":{"start":{"line":32,"column":59},"end":{"line":44,"column":null}}},"2":{"name":"(anonymous_12)","decl":{"start":{"line":46,"column":10},"end":{"line":46,"column":16}},"loc":{"start":{"line":46,"column":50},"end":{"line":50,"column":3}}},"3":{"name":"(anonymous_13)","decl":{"start":{"line":52,"column":9},"end":{"line":52,"column":15}},"loc":{"start":{"line":52,"column":39},"end":{"line":58,"column":3}}}},"branchMap":{"0":{"loc":{"start":{"line":7,"column":19},"end":{"line":7,"column":60}},"type":"binary-expr","locations":[{"start":{"line":7,"column":19},"end":{"line":7,"column":41}},{"start":{"line":7,"column":45},"end":{"line":7,"column":60}}]},"1":{"loc":{"start":{"line":14,"column":4},"end":{"line":16,"column":5}},"type":"if","locations":[{"start":{"line":14,"column":4},"end":{"line":16,"column":5}}]},"2":{"loc":{"start":{"line":34,"column":4},"end":{"line":36,"column":5}},"type":"if","locations":[{"start":{"line":34,"column":4},"end":{"line":36,"column":5}}]},"3":{"loc":{"start":{"line":39,"column":4},"end":{"line":41,"column":5}},"type":"if","locations":[{"start":{"line":39,"column":4},"end":{"line":41,"column":5}}]}},"s":{"0":6,"1":6,"2":6,"3":6,"4":6,"5":6,"6":6,"7":9,"8":9,"9":1,"10":8,"11":8,"12":8,"13":3,"14":3,"15":1,"16":2,"17":2,"18":1,"19":1,"20":9,"21":0,"22":0,"23":0,"24":6},"f":{"0":9,"1":3,"2":9,"3":0},"b":{"0":[6,0],"1":[1],"2":[1],"3":[1]}}
,"C:\\PRIVE\\Cours\\Mission dashboard\\mission-dashboard-back\\src\\services\\Email.ts": {"path":"C:\\PRIVE\\Cours\\Mission dashboard\\mission-dashboard-back\\src\\services\\Email.ts","statementMap":{"0":{"start":{"line":1,"column":28},"end":{"line":4,"column":1}},"1":{"start":{"line":2,"column":23},"end":{"line":2,"column":73}},"2":{"start":{"line":3,"column":4},"end":{"line":3,"column":34}},"3":{"start":{"line":1,"column":13},"end":{"line":1,"column":28}}},"fnMap":{"0":{"name":"(anonymous_0)","decl":{"start":{"line":1,"column":28},"end":{"line":1,"column":29}},"loc":{"start":{"line":1,"column":46},"end":{"line":4,"column":1}}}},"branchMap":{},"s":{"0":6,"1":1,"2":1,"3":6},"f":{"0":1},"b":{}}
,"C:\\PRIVE\\Cours\\Mission dashboard\\mission-dashboard-back\\src\\services\\ErrorService.ts": {"path":"C:\\PRIVE\\Cours\\Mission dashboard\\mission-dashboard-back\\src\\services\\ErrorService.ts","statementMap":{"0":{"start":{"line":1,"column":0},"end":{"line":1,"column":47}},"1":{"start":{"line":2,"column":0},"end":{"line":2,"column":56}},"2":{"start":{"line":4,"column":0},"end":{"line":4,"column":64}},"3":{"start":{"line":5,"column":0},"end":{"line":5,"column":58}},"4":{"start":{"line":6,"column":0},"end":{"line":6,"column":60}},"5":{"start":{"line":8,"column":31},"end":{"line":28,"column":1}},"6":{"start":{"line":9,"column":4},"end":{"line":9,"column":33}},"7":{"start":{"line":10,"column":4},"end":{"line":13,"column":5}},"8":{"start":{"line":11,"column":8},"end":{"line":11,"column":55}},"9":{"start":{"line":12,"column":8},"end":{"line":12,"column":15}},"10":{"start":{"line":14,"column":4},"end":{"line":17,"column":5}},"11":{"start":{"line":15,"column":8},"end":{"line":15,"column":55}},"12":{"start":{"line":16,"column":8},"end":{"line":16,"column":15}},"13":{"start":{"line":18,"column":4},"end":{"line":21,"column":5}},"14":{"start":{"line":19,"column":8},"end":{"line":19,"column":55}},"15":{"start":{"line":20,"column":8},"end":{"line":20,"column":15}},"16":{"start":{"line":22,"column":4},"end":{"line":25,"column":5}},"17":{"start":{"line":23,"column":8},"end":{"line":23,"column":55}},"18":{"start":{"line":24,"column":8},"end":{"line":24,"column":15}},"19":{"start":{"line":27,"column":4},"end":{"line":27,"column":64}},"20":{"start":{"line":8,"column":13},"end":{"line":8,"column":31}}},"fnMap":{"0":{"name":"(anonymous_0)","decl":{"start":{"line":8,"column":31},"end":{"line":8,"column":32}},"loc":{"start":{"line":8,"column":71},"end":{"line":28,"column":1}}}},"branchMap":{"0":{"loc":{"start":{"line":10,"column":4},"end":{"line":13,"column":5}},"type":"if","locations":[{"start":{"line":10,"column":4},"end":{"line":13,"column":5}}]},"1":{"loc":{"start":{"line":14,"column":4},"end":{"line":17,"column":5}},"type":"if","locations":[{"start":{"line":14,"column":4},"end":{"line":17,"column":5}}]},"2":{"loc":{"start":{"line":18,"column":4},"end":{"line":21,"column":5}},"type":"if","locations":[{"start":{"line":18,"column":4},"end":{"line":21,"column":5}}]},"3":{"loc":{"start":{"line":22,"column":4},"end":{"line":25,"column":5}},"type":"if","locations":[{"start":{"line":22,"column":4},"end":{"line":25,"column":5}}]}},"s":{"0":6,"1":6,"2":6,"3":6,"4":6,"5":6,"6":15,"7":15,"8":3,"9":3,"10":12,"11":0,"12":0,"13":12,"14":0,"15":0,"16":12,"17":12,"18":12,"19":0,"20":6},"f":{"0":15},"b":{"0":[3],"1":[0],"2":[0],"3":[12]}}
,"C:\\PRIVE\\Cours\\Mission dashboard\\mission-dashboard-back\\src\\services\\UploadService.ts": {"path":"C:\\PRIVE\\Cours\\Mission dashboard\\mission-dashboard-back\\src\\services\\UploadService.ts","statementMap":{"0":{"start":{"line":1,"column":0},"end":{"line":1,"column":28}},"1":{"start":{"line":2,"column":0},"end":{"line":2,"column":24}},"2":{"start":{"line":3,"column":0},"end":{"line":3,"column":20}},"3":{"start":{"line":5,"column":0},"end":{"line":5,"column":47}},"4":{"start":{"line":8,"column":16},"end":{"line":23,"column":2}},"5":{"start":{"line":10,"column":26},"end":{"line":10,"column":70}},"6":{"start":{"line":12,"column":8},"end":{"line":14,"column":9}},"7":{"start":{"line":13,"column":12},"end":{"line":13,"column":null}},"8":{"start":{"line":15,"column":8},"end":{"line":17,"column":9}},"9":{"start":{"line":16,"column":12},"end":{"line":16,"column":57}},"10":{"start":{"line":18,"column":8},"end":{"line":18,"column":28}},"11":{"start":{"line":21,"column":8},"end":{"line":21,"column":63}},"12":{"start":{"line":26,"column":25},"end":{"line":32,"column":1}},"13":{"start":{"line":26,"column":57},"end":{"line":32,"column":1}},"14":{"start":{"line":27,"column":4},"end":{"line":31,"column":5}},"15":{"start":{"line":28,"column":8},"end":{"line":28,"column":23}},"16":{"start":{"line":30,"column":8},"end":{"line":30,"column":63}},"17":{"start":{"line":34,"column":27},"end":{"line":65,"column":1}},"18":{"start":{"line":38,"column":4},"end":{"line":64,"column":7}},"19":{"start":{"line":39,"column":8},"end":{"line":63,"column":9}},"20":{"start":{"line":40,"column":31},"end":{"line":40,"column":65}},"21":{"start":{"line":42,"column":44},"end":{"line":42,"column":46}},"22":{"start":{"line":43,"column":44},"end":{"line":43,"column":46}},"23":{"start":{"line":45,"column":33},"end":{"line":56,"column":14}},"24":{"start":{"line":46,"column":16},"end":{"line":55,"column":19}},"25":{"start":{"line":47,"column":20},"end":{"line":54,"column":23}},"26":{"start":{"line":48,"column":24},"end":{"line":52,"column":25}},"27":{"start":{"line":49,"column":28},"end":{"line":49,"column":66}},"28":{"start":{"line":51,"column":28},"end":{"line":51,"column":58}},"29":{"start":{"line":53,"column":24},"end":{"line":53,"column":30}},"30":{"start":{"line":58,"column":12},"end":{"line":60,"column":29}},"31":{"start":{"line":59,"column":16},"end":{"line":59,"column":58}},"32":{"start":{"line":62,"column":12},"end":{"line":62,"column":26}},"33":{"start":{"line":34,"column":13},"end":{"line":34,"column":27}},"34":{"start":{"line":67,"column":15},"end":{"line":70,"column":24}},"35":{"start":{"line":72,"column":0},"end":{"line":72,"column":22}}},"fnMap":{"0":{"name":"(anonymous_1)","decl":{"start":{"line":9,"column":17},"end":{"line":9,"column":18}},"loc":{"start":{"line":9,"column":117},"end":{"line":19,"column":5}}},"1":{"name":"(anonymous_2)","decl":{"start":{"line":20,"column":14},"end":{"line":20,"column":15}},"loc":{"start":{"line":20,"column":111},"end":{"line":22,"column":5}}},"2":{"name":"(anonymous_3)","decl":{"start":{"line":26,"column":25},"end":{"line":26,"column":26}},"loc":{"start":{"line":26,"column":57},"end":{"line":32,"column":1}}},"3":{"name":"(anonymous_4)","decl":{"start":{"line":26,"column":57},"end":{"line":26,"column":58}},"loc":{"start":{"line":26,"column":157},"end":{"line":32,"column":1}}},"4":{"name":"(anonymous_5)","decl":{"start":{"line":34,"column":27},"end":{"line":34,"column":null}},"loc":{"start":{"line":37,"column":67},"end":{"line":65,"column":1}}},"5":{"name":"(anonymous_6)","decl":{"start":{"line":38,"column":23},"end":{"line":38,"column":24}},"loc":{"start":{"line":38,"column":43},"end":{"line":64,"column":5}}},"6":{"name":"(anonymous_7)","decl":{"start":{"line":45,"column":43},"end":{"line":45,"column":47}},"loc":{"start":{"line":45,"column":50},"end":{"line":56,"column":13}}},"7":{"name":"(anonymous_8)","decl":{"start":{"line":46,"column":41},"end":{"line":46,"column":42}},"loc":{"start":{"line":46,"column":49},"end":{"line":55,"column":17}}},"8":{"name":"(anonymous_9)","decl":{"start":{"line":47,"column":65},"end":{"line":47,"column":66}},"loc":{"start":{"line":47,"column":73},"end":{"line":54,"column":21}}},"9":{"name":"(anonymous_10)","decl":{"start":{"line":58,"column":43},"end":{"line":58,"column":46}},"loc":{"start":{"line":58,"column":48},"end":{"line":60,"column":13}}}},"branchMap":{"0":{"loc":{"start":{"line":10,"column":26},"end":{"line":10,"column":70}},"type":"binary-expr","locations":[{"start":{"line":10,"column":26},"end":{"line":10,"column":57}},{"start":{"line":10,"column":61},"end":{"line":10,"column":70}}]},"1":{"loc":{"start":{"line":12,"column":8},"end":{"line":14,"column":9}},"type":"if","locations":[{"start":{"line":12,"column":8},"end":{"line":14,"column":9}}]},"2":{"loc":{"start":{"line":15,"column":8},"end":{"line":17,"column":9}},"type":"if","locations":[{"start":{"line":15,"column":8},"end":{"line":17,"column":9}}]},"3":{"loc":{"start":{"line":27,"column":4},"end":{"line":31,"column":5}},"type":"if","locations":[{"start":{"line":27,"column":4},"end":{"line":31,"column":5}},{"start":{"line":29,"column":11},"end":{"line":31,"column":5}}]},"4":{"loc":{"start":{"line":48,"column":24},"end":{"line":52,"column":25}},"type":"if","locations":[{"start":{"line":48,"column":24},"end":{"line":52,"column":25}},{"start":{"line":50,"column":31},"end":{"line":52,"column":25}}]}},"s":{"0":6,"1":6,"2":6,"3":6,"4":6,"5":2,"6":2,"7":0,"8":2,"9":0,"10":2,"11":2,"12":6,"13":2,"14":2,"15":1,"16":1,"17":6,"18":2,"19":2,"20":2,"21":2,"22":2,"23":2,"24":2,"25":2,"26":2,"27":1,"28":1,"29":2,"30":2,"31":2,"32":0,"33":6,"34":6,"35":6},"f":{"0":2,"1":2,"2":2,"3":2,"4":2,"5":2,"6":2,"7":2,"8":2,"9":2},"b":{"0":[2,0],"1":[0],"2":[0],"3":[1,1],"4":[1,1]}}
,"C:\\PRIVE\\Cours\\Mission dashboard\\mission-dashboard-back\\src\\services\\enums\\MimeTypeEnum.ts": {"path":"C:\\PRIVE\\Cours\\Mission dashboard\\mission-dashboard-back\\src\\services\\enums\\MimeTypeEnum.ts","statementMap":{"0":{"start":{"line":1,"column":0},"end":{"line":1,"column":null}},"1":{"start":{"line":2,"column":4},"end":{"line":2,"column":null}},"2":{"start":{"line":3,"column":4},"end":{"line":3,"column":null}},"3":{"start":{"line":4,"column":4},"end":{"line":4,"column":null}},"4":{"start":{"line":5,"column":4},"end":{"line":5,"column":null}},"5":{"start":{"line":8,"column":0},"end":{"line":8,"column":null}},"6":{"start":{"line":9,"column":4},"end":{"line":9,"column":null}},"7":{"start":{"line":10,"column":4},"end":{"line":10,"column":null}},"8":{"start":{"line":11,"column":4},"end":{"line":11,"column":null}}},"fnMap":{"0":{"name":"(anonymous_0)","decl":{"start":{"line":1,"column":0},"end":{"line":1,"column":12}},"loc":{"start":{"line":1,"column":28},"end":{"line":6,"column":1}}},"1":{"name":"(anonymous_1)","decl":{"start":{"line":8,"column":0},"end":{"line":8,"column":12}},"loc":{"start":{"line":8,"column":30},"end":{"line":12,"column":1}}}},"branchMap":{"0":{"loc":{"start":{"line":1,"column":12},"end":{"line":1,"column":null}},"type":"binary-expr","locations":[{"start":{"line":1,"column":12},"end":{"line":1,"column":28}},{"start":{"line":1,"column":28},"end":{"line":1,"column":null}}]},"1":{"loc":{"start":{"line":8,"column":12},"end":{"line":8,"column":null}},"type":"binary-expr","locations":[{"start":{"line":8,"column":12},"end":{"line":8,"column":30}},{"start":{"line":8,"column":30},"end":{"line":8,"column":null}}]}},"s":{"0":6,"1":6,"2":6,"3":6,"4":6,"5":6,"6":6,"7":6,"8":6},"f":{"0":6,"1":6},"b":{"0":[6,6],"1":[6,6]}}
,"C:\\PRIVE\\Cours\\Mission dashboard\\mission-dashboard-back\\src\\tests\\utils\\TestProvider.ts": {"path":"C:\\PRIVE\\Cours\\Mission dashboard\\mission-dashboard-back\\src\\tests\\utils\\TestProvider.ts","statementMap":{"0":{"start":{"line":1,"column":0},"end":{"line":1,"column":53}},"1":{"start":{"line":2,"column":0},"end":{"line":2,"column":53}},"2":{"start":{"line":5,"column":40},"end":{"line":26,"column":2}},"3":{"start":{"line":5,"column":68},"end":{"line":26,"column":2}},"4":{"start":{"line":6,"column":4},"end":{"line":6,"column":59}},"5":{"start":{"line":8,"column":21},"end":{"line":14,"column":6}},"6":{"start":{"line":17,"column":18},"end":{"line":22,"column":null}},"7":{"start":{"line":25,"column":4},"end":{"line":25,"column":17}},"8":{"start":{"line":5,"column":13},"end":{"line":5,"column":40}}},"fnMap":{"0":{"name":"(anonymous_8)","decl":{"start":{"line":5,"column":40},"end":{"line":5,"column":66}},"loc":{"start":{"line":5,"column":68},"end":{"line":26,"column":2}}},"1":{"name":"(anonymous_9)","decl":{"start":{"line":5,"column":68},"end":{"line":5,"column":null}},"loc":{"start":{"line":5,"column":68},"end":{"line":26,"column":1}}}},"branchMap":{},"s":{"0":1,"1":1,"2":1,"3":1,"4":1,"5":1,"6":1,"7":1,"8":1},"f":{"0":1,"1":1},"b":{}}
,"C:\\PRIVE\\Cours\\Mission dashboard\\mission-dashboard-back\\src\\utils\\Utils.ts": {"path":"C:\\PRIVE\\Cours\\Mission dashboard\\mission-dashboard-back\\src\\utils\\Utils.ts","statementMap":{"0":{"start":{"line":1,"column":0},"end":{"line":1,"column":47}},"1":{"start":{"line":2,"column":0},"end":{"line":2,"column":60}},"2":{"start":{"line":4,"column":29},"end":{"line":10,"column":1}},"3":{"start":{"line":5,"column":23},"end":{"line":5,"column":51}},"4":{"start":{"line":7,"column":4},"end":{"line":9,"column":5}},"5":{"start":{"line":8,"column":8},"end":{"line":8,"column":59}},"6":{"start":{"line":4,"column":13},"end":{"line":4,"column":29}}},"fnMap":{"0":{"name":"(anonymous_0)","decl":{"start":{"line":4,"column":29},"end":{"line":4,"column":30}},"loc":{"start":{"line":4,"column":47},"end":{"line":10,"column":1}}}},"branchMap":{"0":{"loc":{"start":{"line":7,"column":4},"end":{"line":9,"column":5}},"type":"if","locations":[{"start":{"line":7,"column":4},"end":{"line":9,"column":5}}]}},"s":{"0":6,"1":6,"2":6,"3":12,"4":12,"5":1,"6":6},"f":{"0":12},"b":{"0":[1]}}
,"C:\\PRIVE\\Cours\\Mission dashboard\\mission-dashboard-back\\src\\utils\\databaseUtils.ts": {"path":"C:\\PRIVE\\Cours\\Mission dashboard\\mission-dashboard-back\\src\\utils\\databaseUtils.ts","statementMap":{"0":{"start":{"line":1,"column":0},"end":{"line":1,"column":44}},"1":{"start":{"line":4,"column":29},"end":{"line":11,"column":null}},"2":{"start":{"line":4,"column":40},"end":{"line":11,"column":null}},"3":{"start":{"line":5,"column":2},"end":{"line":10,"column":3}},"4":{"start":{"line":6,"column":4},"end":{"line":6,"column":58}},"5":{"start":{"line":7,"column":4},"end":{"line":7,"column":50}},"6":{"start":{"line":9,"column":4},"end":{"line":9,"column":87}},"7":{"start":{"line":4,"column":13},"end":{"line":4,"column":29}}},"fnMap":{"0":{"name":"(anonymous_8)","decl":{"start":{"line":4,"column":29},"end":{"line":4,"column":38}},"loc":{"start":{"line":4,"column":40},"end":{"line":11,"column":null}}},"1":{"name":"(anonymous_9)","decl":{"start":{"line":4,"column":40},"end":{"line":4,"column":null}},"loc":{"start":{"line":4,"column":40},"end":{"line":11,"column":1}}}},"branchMap":{},"s":{"0":6,"1":6,"2":14,"3":14,"4":14,"5":14,"6":0,"7":6},"f":{"0":14,"1":14},"b":{}}
}
