TN:
SF:swagger.ts
FN:24,(anonymous_1)
FNF:1
FNH:1
FNDA:6,(anonymous_1)
DA:1,6
DA:2,6
DA:5,6
DA:22,6
DA:24,6
DA:25,6
LF:6
LH:6
BRF:0
BRH:0
end_of_record
TN:
SF:src\index.ts
FN:24,(anonymous_1)
FNF:1
FNH:1
FNDA:6,(anonymous_1)
DA:1,6
DA:2,6
DA:4,6
DA:6,6
DA:7,6
DA:9,6
DA:11,6
DA:12,6
DA:14,6
DA:15,6
DA:16,6
DA:18,6
DA:19,6
DA:20,6
DA:22,6
DA:24,6
DA:25,6
DA:28,6
LF:18
LH:18
BRDA:9,0,0,6
BRDA:9,0,1,6
BRDA:22,1,0,6
BRDA:22,1,1,0
BRF:4
BRH:3
end_of_record
TN:
SF:src\Errors\BadRequestError.ts
FN:5,(anonymous_0)
FNF:1
FNH:1
FNDA:12,(anonymous_0)
DA:1,6
DA:3,6
DA:6,12
DA:7,12
DA:8,12
LF:5
LH:5
BRF:0
BRH:0
end_of_record
TN:
SF:src\Errors\ForbiddenError.ts
FN:5,(anonymous_0)
FNF:1
FNH:0
FNDA:0,(anonymous_0)
DA:1,6
DA:3,6
DA:6,0
DA:7,0
DA:8,0
LF:5
LH:2
BRF:0
BRH:0
end_of_record
TN:
SF:src\Errors\NotFoundError.ts
FN:5,(anonymous_0)
FNF:1
FNH:1
FNDA:3,(anonymous_0)
DA:1,6
DA:3,6
DA:6,3
DA:7,3
DA:8,3
LF:5
LH:5
BRF:0
BRH:0
end_of_record
TN:
SF:src\Errors\UnauthorizedError.ts
FN:5,(anonymous_0)
FNF:1
FNH:0
FNDA:0,(anonymous_0)
DA:1,6
DA:3,6
DA:6,0
DA:7,0
DA:8,0
LF:5
LH:2
BRF:0
BRH:0
end_of_record
TN:
SF:src\Middleware\authMiddleware.ts
FN:11,(anonymous_8)
FN:11,(anonymous_9)
FNF:2
FNH:2
FNDA:19,(anonymous_8)
FNDA:19,(anonymous_9)
DA:1,6
DA:3,6
DA:5,6
DA:11,19
DA:12,19
DA:13,19
DA:15,19
DA:16,3
DA:19,16
DA:20,16
DA:22,16
DA:24,3
DA:25,0
DA:27,3
LF:14
LH:13
BRDA:5,0,0,6
BRDA:5,0,1,0
BRDA:13,1,0,3
BRDA:13,1,1,16
BRDA:13,2,0,19
BRDA:13,2,1,19
BRDA:15,3,0,3
BRDA:24,4,0,0
BRDA:24,4,1,3
BRF:9
BRH:7
end_of_record
TN:
SF:src\config\sequelize.ts
FNF:0
FNH:0
DA:1,6
DA:2,6
DA:5,6
DA:9,6
DA:19,6
LF:5
LH:5
BRDA:6,0,0,6
BRDA:6,0,1,0
BRDA:15,1,0,6
BRDA:15,1,1,0
BRF:4
BRH:2
end_of_record
TN:
SF:src\controllers\AuthController.ts
FN:8,(anonymous_8)
FN:8,(anonymous_9)
FN:25,(anonymous_10)
FN:25,(anonymous_11)
FNF:4
FNH:4
FNDA:10,(anonymous_8)
FNDA:10,(anonymous_9)
FNDA:5,(anonymous_10)
FNDA:5,(anonymous_11)
DA:2,6
DA:3,6
DA:4,6
DA:5,6
DA:6,6
DA:8,10
DA:9,10
DA:10,10
DA:12,10
DA:13,1
DA:16,9
DA:18,8
DA:19,7
DA:21,3
DA:25,6
DA:26,5
DA:27,5
DA:29,5
DA:30,2
DA:33,3
DA:35,3
DA:36,1
DA:38,4
LF:23
LH:23
BRDA:12,0,0,1
BRDA:12,1,0,10
BRDA:12,1,1,10
BRDA:12,1,2,10
BRDA:12,1,3,10
BRDA:12,1,4,9
BRDA:29,2,0,2
BRDA:29,3,0,5
BRDA:29,3,1,4
BRF:9
BRH:9
end_of_record
TN:
SF:src\controllers\EmployeController.ts
FN:9,(anonymous_8)
FN:9,(anonymous_9)
FN:19,(anonymous_10)
FN:19,(anonymous_11)
FN:41,(anonymous_12)
FN:41,(anonymous_13)
FNF:6
FNH:6
FNDA:2,(anonymous_8)
FNDA:2,(anonymous_9)
FNDA:3,(anonymous_10)
FNDA:3,(anonymous_11)
FNDA:4,(anonymous_12)
FNDA:4,(anonymous_13)
DA:2,6
DA:3,6
DA:4,6
DA:5,6
DA:6,6
DA:7,6
DA:9,6
DA:10,2
DA:11,2
DA:12,2
DA:13,2
DA:15,0
DA:19,6
DA:20,3
DA:21,3
DA:23,3
DA:24,3
DA:25,1
DA:28,2
DA:30,2
DA:31,1
DA:34,1
DA:35,1
DA:37,2
DA:41,6
DA:42,4
DA:43,4
DA:44,4
DA:46,4
DA:47,4
DA:48,0
DA:51,4
DA:52,1
DA:55,3
DA:56,1
DA:59,2
DA:61,1
DA:62,0
DA:63,0
DA:66,1
DA:67,1
DA:69,3
LF:42
LH:38
BRDA:24,0,0,1
BRDA:30,1,0,1
BRDA:47,2,0,0
BRDA:51,3,0,1
BRDA:51,4,0,4
BRDA:51,4,1,4
BRDA:55,5,0,1
BRDA:55,6,0,3
BRDA:55,6,1,1
BRDA:61,7,0,0
BRF:10
BRH:8
end_of_record
TN:
SF:src\controllers\MissionController.ts
FN:15,(anonymous_8)
FN:15,(anonymous_9)
FN:60,(anonymous_10)
FNF:3
FNH:3
FNDA:7,(anonymous_8)
FNDA:7,(anonymous_9)
FNDA:1,(anonymous_10)
DA:2,6
DA:3,6
DA:4,6
DA:5,6
DA:6,6
DA:7,6
DA:8,6
DA:9,6
DA:10,6
DA:11,6
DA:12,6
DA:13,6
DA:15,7
DA:16,7
DA:17,7
DA:18,7
DA:19,7
DA:22,7
DA:23,1
DA:27,6
DA:28,6
DA:29,1
DA:33,5
DA:43,5
DA:44,2
DA:45,2
DA:46,1
DA:51,1
DA:56,4
DA:57,2
DA:58,2
DA:59,2
DA:60,2
DA:66,2
DA:70,4
DA:77,3
LF:36
LH:36
BRDA:22,0,0,1
BRDA:22,1,0,7
BRDA:22,1,1,6
BRDA:22,1,2,6
BRDA:22,1,3,6
BRDA:28,2,0,1
BRDA:43,3,0,2
BRDA:45,4,0,1
BRDA:45,4,1,1
BRDA:56,5,0,2
BRDA:56,6,0,4
BRDA:56,6,1,2
BRDA:56,6,2,2
BRF:13
BRH:13
end_of_record
TN:
SF:src\controllers\enums\MissionEnum.ts
FN:1,(anonymous_0)
FNF:1
FNH:1
FNDA:6,(anonymous_0)
DA:1,6
DA:2,6
DA:3,6
DA:4,6
DA:5,6
LF:5
LH:5
BRDA:1,0,0,6
BRDA:1,0,1,6
BRF:2
BRH:2
end_of_record
TN:
SF:src\enums\errorEnum.ts
FN:1,(anonymous_0)
FNF:1
FNH:1
FNDA:6,(anonymous_0)
DA:1,6
DA:2,6
DA:3,6
DA:4,6
DA:5,6
DA:6,6
DA:7,6
DA:8,6
DA:9,6
DA:10,6
DA:11,6
DA:12,6
DA:13,6
DA:14,6
DA:15,6
DA:16,6
DA:17,6
DA:18,6
DA:19,6
LF:19
LH:19
BRDA:1,0,0,6
BRDA:1,0,1,6
BRF:2
BRH:2
end_of_record
TN:
SF:src\models\AccountMissionAssignModel.ts
FNF:0
FNH:0
DA:1,6
DA:2,6
DA:3,6
DA:4,6
DA:11,6
DA:31,6
DA:39,6
DA:47,6
LF:8
LH:8
BRF:0
BRH:0
end_of_record
TN:
SF:src\models\AccountModel.ts
FNF:0
FNH:0
DA:1,6
DA:2,6
DA:17,6
DA:72,6
LF:4
LH:4
BRF:0
BRH:0
end_of_record
TN:
SF:src\models\MessageModel.ts
FNF:0
FNH:0
DA:1,6
DA:2,6
DA:3,6
DA:4,6
DA:13,6
DA:48,6
LF:6
LH:6
BRF:0
BRH:0
end_of_record
TN:
SF:src\models\MissionModel.ts
FNF:0
FNH:0
DA:1,6
DA:2,6
DA:3,6
DA:15,6
DA:58,6
LF:5
LH:5
BRF:0
BRH:0
end_of_record
TN:
SF:src\models\MissionTypeModel.ts
FNF:0
FNH:0
DA:1,6
DA:2,6
DA:10,6
DA:33,6
LF:4
LH:4
BRF:0
BRH:0
end_of_record
TN:
SF:src\models\PictureModel.ts
FNF:0
FNH:0
DA:1,6
DA:2,6
DA:3,6
DA:4,6
DA:15,6
DA:58,6
LF:6
LH:6
BRF:0
BRH:0
end_of_record
TN:
SF:src\repositories\EmployeRepository.ts
FN:6,(anonymous_8)
FN:10,(anonymous_10)
FN:14,(anonymous_12)
FNF:3
FNH:3
FNDA:2,(anonymous_8)
FNDA:2,(anonymous_10)
FNDA:2,(anonymous_12)
DA:1,6
DA:2,6
DA:3,6
DA:7,2
DA:11,2
DA:15,2
DA:16,2
DA:17,1
DA:19,1
DA:21,1
DA:25,6
LF:11
LH:11
BRDA:16,0,0,1
BRF:1
BRH:1
end_of_record
TN:
SF:src\routes\authRoutes.ts
FNF:0
FNH:0
DA:1,6
DA:2,6
DA:4,6
DA:71,6
DA:126,6
DA:128,6
LF:6
LH:6
BRF:0
BRH:0
end_of_record
TN:
SF:src\routes\employeeRoutes.ts
FNF:0
FNH:0
DA:1,6
DA:2,6
DA:3,6
DA:5,6
DA:29,6
DA:60,6
DA:97,6
DA:99,6
LF:8
LH:8
BRF:0
BRH:0
end_of_record
TN:
SF:src\routes\missionRoutes.ts
FNF:0
FNH:0
DA:1,6
DA:2,6
DA:3,6
DA:4,6
DA:6,6
DA:65,6
DA:67,6
LF:7
LH:7
BRF:0
BRH:0
end_of_record
TN:
SF:src\services\AuthService.ts
FN:11,(anonymous_8)
FN:32,(anonymous_10)
FN:46,(anonymous_12)
FN:52,(anonymous_13)
FNF:4
FNH:3
FNDA:9,(anonymous_8)
FNDA:3,(anonymous_10)
FNDA:9,(anonymous_12)
FNDA:0,(anonymous_13)
DA:1,6
DA:2,6
DA:3,6
DA:4,6
DA:5,6
DA:7,6
DA:8,6
DA:12,9
DA:14,9
DA:15,1
DA:18,8
DA:20,8
DA:29,8
DA:33,3
DA:34,3
DA:35,1
DA:38,2
DA:39,2
DA:40,1
DA:43,1
DA:47,9
DA:53,0
DA:54,0
DA:56,0
DA:61,6
LF:25
LH:22
BRDA:7,0,0,6
BRDA:7,0,1,0
BRDA:14,1,0,1
BRDA:34,2,0,1
BRDA:39,3,0,1
BRF:5
BRH:4
end_of_record
TN:
SF:src\services\Email.ts
FN:1,(anonymous_0)
FNF:1
FNH:1
FNDA:1,(anonymous_0)
DA:1,6
DA:2,1
DA:3,1
LF:3
LH:3
BRF:0
BRH:0
end_of_record
TN:
SF:src\services\ErrorService.ts
FN:8,(anonymous_0)
FNF:1
FNH:1
FNDA:15,(anonymous_0)
DA:1,6
DA:2,6
DA:4,6
DA:5,6
DA:6,6
DA:8,6
DA:9,15
DA:10,15
DA:11,3
DA:12,3
DA:14,12
DA:15,0
DA:16,0
DA:18,12
DA:19,0
DA:20,0
DA:22,12
DA:23,12
DA:24,12
DA:27,0
LF:20
LH:15
BRDA:10,0,0,3
BRDA:14,1,0,0
BRDA:18,2,0,0
BRDA:22,3,0,12
BRF:4
BRH:2
end_of_record
TN:
SF:src\services\UploadService.ts
FN:9,(anonymous_1)
FN:20,(anonymous_2)
FN:26,(anonymous_3)
FN:26,(anonymous_4)
FN:34,(anonymous_5)
FN:38,(anonymous_6)
FN:45,(anonymous_7)
FN:46,(anonymous_8)
FN:47,(anonymous_9)
FN:58,(anonymous_10)
FNF:10
FNH:10
FNDA:2,(anonymous_1)
FNDA:2,(anonymous_2)
FNDA:2,(anonymous_3)
FNDA:2,(anonymous_4)
FNDA:2,(anonymous_5)
FNDA:2,(anonymous_6)
FNDA:2,(anonymous_7)
FNDA:2,(anonymous_8)
FNDA:2,(anonymous_9)
FNDA:2,(anonymous_10)
DA:1,6
DA:2,6
DA:3,6
DA:5,6
DA:8,6
DA:10,2
DA:12,2
DA:13,0
DA:15,2
DA:16,0
DA:18,2
DA:21,2
DA:26,6
DA:27,2
DA:28,1
DA:30,1
DA:34,6
DA:38,2
DA:39,2
DA:40,2
DA:42,2
DA:43,2
DA:45,2
DA:46,2
DA:47,2
DA:48,2
DA:49,1
DA:51,1
DA:53,2
DA:58,2
DA:59,2
DA:62,0
DA:67,6
DA:72,6
LF:34
LH:31
BRDA:10,0,0,2
BRDA:10,0,1,0
BRDA:12,1,0,0
BRDA:15,2,0,0
BRDA:27,3,0,1
BRDA:27,3,1,1
BRDA:48,4,0,1
BRDA:48,4,1,1
BRF:8
BRH:5
end_of_record
TN:
SF:src\services\enums\MimeTypeEnum.ts
FN:1,(anonymous_0)
FN:8,(anonymous_1)
FNF:2
FNH:2
FNDA:6,(anonymous_0)
FNDA:6,(anonymous_1)
DA:1,6
DA:2,6
DA:3,6
DA:4,6
DA:5,6
DA:8,6
DA:9,6
DA:10,6
DA:11,6
LF:9
LH:9
BRDA:1,0,0,6
BRDA:1,0,1,6
BRDA:8,1,0,6
BRDA:8,1,1,6
BRF:4
BRH:4
end_of_record
TN:
SF:src\tests\utils\TestProvider.ts
FN:5,(anonymous_8)
FN:5,(anonymous_9)
FNF:2
FNH:2
FNDA:1,(anonymous_8)
FNDA:1,(anonymous_9)
DA:1,1
DA:2,1
DA:5,1
DA:6,1
DA:8,1
DA:17,1
DA:25,1
LF:7
LH:7
BRF:0
BRH:0
end_of_record
TN:
SF:src\utils\Utils.ts
FN:4,(anonymous_0)
FNF:1
FNH:1
FNDA:12,(anonymous_0)
DA:1,6
DA:2,6
DA:4,6
DA:5,12
DA:7,12
DA:8,1
LF:6
LH:6
BRDA:7,0,0,1
BRF:1
BRH:1
end_of_record
TN:
SF:src\utils\databaseUtils.ts
FN:4,(anonymous_8)
FN:4,(anonymous_9)
FNF:2
FNH:2
FNDA:14,(anonymous_8)
FNDA:14,(anonymous_9)
DA:1,6
DA:4,14
DA:5,14
DA:6,14
DA:7,14
DA:9,0
LF:6
LH:5
BRF:0
BRH:0
end_of_record
